# JRE version: Java(TM) SE Runtime Environment (19.0+36) (build 19+36-2238)
# Java VM: Java HotSpot(TM) 64-Bit Server VM (19+36-2238, mixed mode, sharing, tiered, compressed oops, compressed class ptrs, g1 gc, windows-amd64)
GC Precious Log:
 CardTable entry size: 512
 Card Set container configuration: InlinePtr #cards 5 size 8 Array Of Cards #cards 12 size 40 Howl #buckets 4 coarsen threshold 1843 Howl Bitmap #cards 512 size 80 coarsen threshold 460 Card regions per heap region 1 cards per card region 2048
 CPUs: 2 total, 2 available
 Memory: 3460M
 Large Page Support: Disabled
 NUMA Support: Disabled
 Compressed Oops: Enabled (32-bit)
 Heap Region Size: 1M
 Heap Min Capacity: 8M
 Heap Initial Capacity: 56M
 Heap Max Capacity: 866M
 Pre-touch: Disabled
 Parallel Workers: 2
 Concurrent Workers: 1
 Concurrent Refinement Workers: 2
 Periodic GC: Disabled
Heap:
 garbage-first heap   total 110592K, used 6772K [0x00000000c9e00000, 0x0000000100000000)
  region size 1024K, 1 young (1024K), 1 survivors (1024K)
 Metaspace       used 14067K, committed 14272K, reserved 1114112K
  class space    used 1477K, committed 1600K, reserved 1048576K
GC Heap History (20 events):
Event: 10.644 GC heap after
{Heap after GC invocations=23 (full 1):
 garbage-first heap   total 86016K, used 6158K [0x00000000c9e00000, 0x0000000100000000)
  region size 1024K, 1 young (1024K), 1 survivors (1024K)
 Metaspace       used 11516K, committed 11776K, reserved 1114112K
  class space    used 1229K, committed 1344K, reserved 1048576K
}
Event: 10.671 GC heap before
{Heap before GC invocations=23 (full 1):
 garbage-first heap   total 86016K, used 56334K [0x00000000c9e00000, 0x0000000100000000)
  region size 1024K, 50 young (51200K), 1 survivors (1024K)
 Metaspace       used 11591K, committed 11840K, reserved 1114112K
  class space    used 1236K, committed 1344K, reserved 1048576K
}
Event: 10.673 GC heap after
{Heap after GC invocations=24 (full 1):
 garbage-first heap   total 86016K, used 6197K [0x00000000c9e00000, 0x0000000100000000)
  region size 1024K, 1 young (1024K), 1 survivors (1024K)
 Metaspace       used 11591K, committed 11840K, reserved 1114112K
  class space    used 1236K, committed 1344K, reserved 1048576K
}
Event: 10.770 GC heap before
{Heap before GC invocations=24 (full 1):
 garbage-first heap   total 86016K, used 56373K [0x00000000c9e00000, 0x0000000100000000)
  region size 1024K, 50 young (51200K), 1 survivors (1024K)
 Metaspace       used 11806K, committed 12032K, reserved 1114112K
  class space    used 1263K, committed 1344K, reserved 1048576K
}
Event: 10.773 GC heap after
{Heap after GC invocations=25 (full 1):
 garbage-first heap   total 86016K, used 6489K [0x00000000c9e00000, 0x0000000100000000)
  region size 1024K, 1 young (1024K), 1 survivors (1024K)
 Metaspace       used 11806K, committed 12032K, reserved 1114112K
  class space    used 1263K, committed 1344K, reserved 1048576K
}
Event: 10.793 GC heap before
{Heap before GC invocations=25 (full 1):
 garbage-first heap   total 86016K, used 56665K [0x00000000c9e00000, 0x0000000100000000)
  region size 1024K, 50 young (51200K), 1 survivors (1024K)
 Metaspace       used 11809K, committed 12032K, reserved 1114112K
  class space    used 1263K, committed 1344K, reserved 1048576K
}
Event: 10.797 GC heap after
{Heap after GC invocations=26 (full 1):
 garbage-first heap   total 110592K, used 6484K [0x00000000c9e00000, 0x0000000100000000)
  region size 1024K, 1 young (1024K), 1 survivors (1024K)
 Metaspace       used 11809K, committed 12032K, reserved 1114112K
  class space    used 1263K, committed 1344K, reserved 1048576K
}
Event: 11.140 GC heap before
{Heap before GC invocations=26 (full 1):
 garbage-first heap   total 110592K, used 69972K [0x00000000c9e00000, 0x0000000100000000)
  region size 1024K, 64 young (65536K), 1 survivors (1024K)
 Metaspace       used 12577K, committed 12864K, reserved 1114112K
  class space    used 1348K, committed 1472K, reserved 1048576K
}
Event: 11.143 GC heap after
{Heap after GC invocations=27 (full 1):
 garbage-first heap   total 110592K, used 6904K [0x00000000c9e00000, 0x0000000100000000)
  region size 1024K, 2 young (2048K), 2 survivors (2048K)
 Metaspace       used 12577K, committed 12864K, reserved 1114112K
  class space    used 1348K, committed 1472K, reserved 1048576K
}
Event: 11.168 GC heap before
{Heap before GC invocations=27 (full 1):
 garbage-first heap   total 110592K, used 70392K [0x00000000c9e00000, 0x0000000100000000)
  region size 1024K, 64 young (65536K), 2 survivors (2048K)
 Metaspace       used 12651K, committed 12992K, reserved 1114112K
  class space    used 1363K, committed 1536K, reserved 1048576K
}
Event: 11.171 GC heap after
{Heap after GC invocations=28 (full 1):
 garbage-first heap   total 110592K, used 6805K [0x00000000c9e00000, 0x0000000100000000)
  region size 1024K, 1 young (1024K), 1 survivors (1024K)
 Metaspace       used 12651K, committed 12992K, reserved 1114112K
  class space    used 1363K, committed 1536K, reserved 1048576K
}
Event: 11.290 GC heap before
{Heap before GC invocations=28 (full 1):
 garbage-first heap   total 110592K, used 71317K [0x00000000c9e00000, 0x0000000100000000)
  region size 1024K, 64 young (65536K), 1 survivors (1024K)
 Metaspace       used 13153K, committed 13376K, reserved 1114112K
  class space    used 1392K, committed 1536K, reserved 1048576K
}
Event: 11.291 GC heap after
{Heap after GC invocations=29 (full 1):
 garbage-first heap   total 110592K, used 7020K [0x00000000c9e00000, 0x0000000100000000)
  region size 1024K, 2 young (2048K), 2 survivors (2048K)
 Metaspace       used 13153K, committed 13376K, reserved 1114112K
  class space    used 1392K, committed 1536K, reserved 1048576K
}
Event: 11.361 GC heap before
{Heap before GC invocations=29 (full 1):
 garbage-first heap   total 110592K, used 70508K [0x00000000c9e00000, 0x0000000100000000)
  region size 1024K, 64 young (65536K), 2 survivors (2048K)
 Metaspace       used 13306K, committed 13632K, reserved 1114112K
  class space    used 1405K, committed 1536K, reserved 1048576K
}
Event: 11.364 GC heap after
{Heap after GC invocations=30 (full 1):
 garbage-first heap   total 110592K, used 6810K [0x00000000c9e00000, 0x0000000100000000)
  region size 1024K, 1 young (1024K), 1 survivors (1024K)
 Metaspace       used 13306K, committed 13632K, reserved 1114112K
  class space    used 1405K, committed 1536K, reserved 1048576K
}
Event: 11.510 GC heap before
{Heap before GC invocations=30 (full 1):
 garbage-first heap   total 110592K, used 71322K [0x00000000c9e00000, 0x0000000100000000)
  region size 1024K, 64 young (65536K), 1 survivors (1024K)
 Metaspace       used 13796K, committed 14080K, reserved 1114112K
  class space    used 1450K, committed 1600K, reserved 1048576K
}
Event: 11.512 GC heap after
{Heap after GC invocations=31 (full 1):
 garbage-first heap   total 110592K, used 6716K [0x00000000c9e00000, 0x0000000100000000)
  region size 1024K, 1 young (1024K), 1 survivors (1024K)
 Metaspace       used 13796K, committed 14080K, reserved 1114112K
  class space    used 1450K, committed 1600K, reserved 1048576K
}
Event: 11.576 GC heap before
{Heap before GC invocations=31 (full 1):
 garbage-first heap   total 110592K, used 71228K [0x00000000c9e00000, 0x0000000100000000)
  region size 1024K, 64 young (65536K), 1 survivors (1024K)
 Metaspace       used 13796K, committed 14080K, reserved 1114112K
  class space    used 1450K, committed 1600K, reserved 1048576K
}
Event: 11.578 GC heap after
{Heap after GC invocations=32 (full 1):
 garbage-first heap   total 110592K, used 6731K [0x00000000c9e00000, 0x0000000100000000)
  region size 1024K, 1 young (1024K), 1 survivors (1024K)
 Metaspace       used 13796K, committed 14080K, reserved 1114112K
  class space    used 1450K, committed 1600K, reserved 1048576K
}
Event: 11.656 GC heap before
{Heap before GC invocations=32 (full 1):
 garbage-first heap   total 110592K, used 71243K [0x00000000c9e00000, 0x0000000100000000)
  region size 1024K, 64 young (65536K), 1 survivors (1024K)
 Metaspace       used 14067K, committed 14272K, reserved 1114112K
  class space    used 1477K, committed 1600K, reserved 1048576K
}

