# JRE version: Java(TM) SE Runtime Environment (19.0+36) (build 19+36-2238)
# Java VM: Java HotSpot(TM) 64-Bit Server VM (19+36-2238, mixed mode, sharing, tiered, compressed oops, compressed class ptrs, g1 gc, windows-amd64)
GC Precious Log:
 CardTable entry size: 512
 Card Set container configuration: InlinePtr #cards 5 size 8 Array Of Cards #cards 12 size 40 Howl #buckets 4 coarsen threshold 1843 Howl Bitmap #cards 512 size 80 coarsen threshold 460 Card regions per heap region 1 cards per card region 2048
 CPUs: 2 total, 2 available
 Memory: 3460M
 Large Page Support: Disabled
 NUMA Support: Disabled
 Compressed Oops: Enabled (32-bit)
 Heap Region Size: 1M
 Heap Min Capacity: 8M
 Heap Initial Capacity: 8M
 Heap Max Capacity: 866M
 Pre-touch: Disabled
 Parallel Workers: 2
 Concurrent Workers: 1
 Concurrent Refinement Workers: 2
 Periodic GC: Disabled
Heap:
 garbage-first heap   total 34816K, used 16445K [0x00000000c9e00000, 0x0000000100000000)
  region size 1024K, 5 young (5120K), 1 survivors (1024K)
 Metaspace       used 11323K, committed 11456K, reserved 1114112K
  class space    used 1157K, committed 1216K, reserved 1048576K
GC Heap History (20 events):
Event: 8.370 GC heap before
{Heap before GC invocations=12 (full 0):
 garbage-first heap   total 18432K, used 11681K [0x00000000c9e00000, 0x0000000100000000)
  region size 1024K, 6 young (6144K), 1 survivors (1024K)
 Metaspace       used 9234K, committed 9472K, reserved 1114112K
  class space    used 988K, committed 1088K, reserved 1048576K
}
Event: 8.373 GC heap after
{Heap after GC invocations=13 (full 0):
 garbage-first heap   total 18432K, used 7502K [0x00000000c9e00000, 0x0000000100000000)
  region size 1024K, 1 young (1024K), 1 survivors (1024K)
 Metaspace       used 9234K, committed 9472K, reserved 1114112K
  class space    used 988K, committed 1088K, reserved 1048576K
}
Event: 8.554 GC heap before
{Heap before GC invocations=13 (full 0):
 garbage-first heap   total 18432K, used 11598K [0x00000000c9e00000, 0x0000000100000000)
  region size 1024K, 5 young (5120K), 1 survivors (1024K)
 Metaspace       used 9337K, committed 9536K, reserved 1114112K
  class space    used 1001K, committed 1088K, reserved 1048576K
}
Event: 8.561 GC heap after
{Heap after GC invocations=14 (full 0):
 garbage-first heap   total 22528K, used 8897K [0x00000000c9e00000, 0x0000000100000000)
  region size 1024K, 1 young (1024K), 1 survivors (1024K)
 Metaspace       used 9337K, committed 9536K, reserved 1114112K
  class space    used 1001K, committed 1088K, reserved 1048576K
}
Event: 8.872 GC heap before
{Heap before GC invocations=14 (full 0):
 garbage-first heap   total 22528K, used 14017K [0x00000000c9e00000, 0x0000000100000000)
  region size 1024K, 6 young (6144K), 1 survivors (1024K)
 Metaspace       used 9432K, committed 9600K, reserved 1114112K
  class space    used 1004K, committed 1088K, reserved 1048576K
}
Event: 8.879 GC heap after
{Heap after GC invocations=15 (full 0):
 garbage-first heap   total 22528K, used 10128K [0x00000000c9e00000, 0x0000000100000000)
  region size 1024K, 1 young (1024K), 1 survivors (1024K)
 Metaspace       used 9432K, committed 9600K, reserved 1114112K
  class space    used 1004K, committed 1088K, reserved 1048576K
}
Event: 9.882 GC heap before
{Heap before GC invocations=15 (full 0):
 garbage-first heap   total 22528K, used 15248K [0x00000000c9e00000, 0x0000000100000000)
  region size 1024K, 6 young (6144K), 1 survivors (1024K)
 Metaspace       used 10106K, committed 10304K, reserved 1114112K
  class space    used 1074K, committed 1152K, reserved 1048576K
}
Event: 9.891 GC heap after
{Heap after GC invocations=16 (full 0):
 garbage-first heap   total 22528K, used 11178K [0x00000000c9e00000, 0x0000000100000000)
  region size 1024K, 1 young (1024K), 1 survivors (1024K)
 Metaspace       used 10106K, committed 10304K, reserved 1114112K
  class space    used 1074K, committed 1152K, reserved 1048576K
}
Event: 9.917 GC heap before
{Heap before GC invocations=16 (full 0):
 garbage-first heap   total 22528K, used 12202K [0x00000000c9e00000, 0x0000000100000000)
  region size 1024K, 3 young (3072K), 1 survivors (1024K)
 Metaspace       used 10164K, committed 10368K, reserved 1114112K
  class space    used 1086K, committed 1152K, reserved 1048576K
}
Event: 9.922 GC heap after
{Heap after GC invocations=17 (full 0):
 garbage-first heap   total 22528K, used 11625K [0x00000000c9e00000, 0x0000000100000000)
  region size 1024K, 1 young (1024K), 1 survivors (1024K)
 Metaspace       used 10164K, committed 10368K, reserved 1114112K
  class space    used 1086K, committed 1152K, reserved 1048576K
}
Event: 10.480 GC heap before
{Heap before GC invocations=18 (full 0):
 garbage-first heap   total 24576K, used 16745K [0x00000000c9e00000, 0x0000000100000000)
  region size 1024K, 5 young (5120K), 1 survivors (1024K)
 Metaspace       used 10400K, committed 10560K, reserved 1114112K
  class space    used 1096K, committed 1152K, reserved 1048576K
}
Event: 10.483 GC heap after
{Heap after GC invocations=19 (full 0):
 garbage-first heap   total 24576K, used 13233K [0x00000000c9e00000, 0x0000000100000000)
  region size 1024K, 1 young (1024K), 1 survivors (1024K)
 Metaspace       used 10400K, committed 10560K, reserved 1114112K
  class space    used 1096K, committed 1152K, reserved 1048576K
}
Event: 10.524 GC heap before
{Heap before GC invocations=19 (full 0):
 garbage-first heap   total 24576K, used 14257K [0x00000000c9e00000, 0x0000000100000000)
  region size 1024K, 2 young (2048K), 1 survivors (1024K)
 Metaspace       used 10461K, committed 10624K, reserved 1114112K
  class space    used 1100K, committed 1152K, reserved 1048576K
}
Event: 10.528 GC heap after
{Heap after GC invocations=20 (full 0):
 garbage-first heap   total 24576K, used 12911K [0x00000000c9e00000, 0x0000000100000000)
  region size 1024K, 1 young (1024K), 1 survivors (1024K)
 Metaspace       used 10461K, committed 10624K, reserved 1114112K
  class space    used 1100K, committed 1152K, reserved 1048576K
}
Event: 11.089 GC heap before
{Heap before GC invocations=20 (full 0):
 garbage-first heap   total 24576K, used 15983K [0x00000000c9e00000, 0x0000000100000000)
  region size 1024K, 5 young (5120K), 1 survivors (1024K)
 Metaspace       used 11175K, committed 11328K, reserved 1114112K
  class space    used 1156K, committed 1216K, reserved 1048576K
}
Event: 11.091 GC heap after
{Heap after GC invocations=21 (full 0):
 garbage-first heap   total 24576K, used 13399K [0x00000000c9e00000, 0x0000000100000000)
  region size 1024K, 1 young (1024K), 1 survivors (1024K)
 Metaspace       used 11175K, committed 11328K, reserved 1114112K
  class space    used 1156K, committed 1216K, reserved 1048576K
}
Event: 11.861 GC heap before
{Heap before GC invocations=22 (full 0):
 garbage-first heap   total 25600K, used 17495K [0x00000000c9e00000, 0x0000000100000000)
  region size 1024K, 5 young (5120K), 1 survivors (1024K)
 Metaspace       used 11280K, committed 11456K, reserved 1114112K
  class space    used 1157K, committed 1216K, reserved 1048576K
}
Event: 11.866 GC heap after
{Heap after GC invocations=23 (full 0):
 garbage-first heap   total 34816K, used 13503K [0x00000000c9e00000, 0x0000000100000000)
  region size 1024K, 1 young (1024K), 1 survivors (1024K)
 Metaspace       used 11280K, committed 11456K, reserved 1114112K
  class space    used 1157K, committed 1216K, reserved 1048576K
}
Event: 12.007 GC heap before
{Heap before GC invocations=23 (full 0):
 garbage-first heap   total 34816K, used 14527K [0x00000000c9e00000, 0x0000000100000000)
  region size 1024K, 2 young (2048K), 1 survivors (1024K)
 Metaspace       used 11299K, committed 11456K, reserved 1114112K
  class space    used 1157K, committed 1216K, reserved 1048576K
}
Event: 12.020 GC heap after
{Heap after GC invocations=24 (full 0):
 garbage-first heap   total 34816K, used 13373K [0x00000000c9e00000, 0x0000000100000000)
  region size 1024K, 1 young (1024K), 1 survivors (1024K)
 Metaspace       used 11299K, committed 11456K, reserved 1114112K
  class space    used 1157K, committed 1216K, reserved 1048576K
}

